<?xml version="1.0" encoding="UTF-8" ?>
<testsuite tests="3" failures="1" name="Test.MainPage_Test" time="3.195" errors="0" skipped="2">
  <properties>
[...]
</properties>
  <testcase classname="Test.MainPage_Test" name="BeforeMethod" time="3.19">
    <failure message="The path to the driver executable The path to the driver executable must be set by the webdriver.chrome.driver system property; for more information, see https://chromedriver.chromium.org/. The latest version can be downloaded from https://chromedriver.chromium.org/downloads" type="java.lang.IllegalStateException">java.lang.IllegalStateException: The path to the driver executable The path to the driver executable must be set by the webdriver.chrome.driver system property; for more information, see https://chromedriver.chromium.org/. The latest version can be downloaded from https://chromedriver.chromium.org/downloads
	at org.openqa.selenium.internal.Require$StateChecker.nonNull(Require.java:314)
	at org.openqa.selenium.remote.service.DriverService.findExecutable(DriverService.java:148)
	at org.openqa.selenium.chrome.ChromeDriverService.access$000(ChromeDriverService.java:39)
	at org.openqa.selenium.chrome.ChromeDriverService$Builder.findDefaultExecutable(ChromeDriverService.java:233)
	at org.openqa.selenium.remote.service.DriverService$Builder.build(DriverService.java:450)
	at org.openqa.selenium.chrome.ChromeDriverService.createServiceWithConfig(ChromeDriverService.java:142)
	at org.openqa.selenium.chrome.ChromeDriver.&lt;init&gt;(ChromeDriver.java:70)
	at Base.Base.beforemethod(Base.java:25)
	at Test.MainPage_Test.BeforeMethod(MainPage_Test.java:16)
</failure>
    <system-out>Configuring TestNG with: org.apache.maven.surefire.testng.conf.TestNG652Configurator@48140564
</system-out>
    <system-err>Aug 23, 2023 4:21:23 PM org.openqa.selenium.remote.service.DriverService findExecutable
WARNING: Unable to obtain driver using Selenium Manager: Error running command: [C:\Users\akyolg\AppData\Local\Temp\selenium-manager140929252719005459948211295711215\selenium-manager.exe, --driver, chromedriver]
Build info: version: &apos;4.6.0&apos;, revision: &apos;79f1c02ae20&apos;
System info: os.name: &apos;Windows 11&apos;, os.arch: &apos;amd64&apos;, os.version: &apos;10.0&apos;, java.version: &apos;1.8.0_382&apos;
Driver info: driver.version: ChromeDriver
</system-err>
  </testcase>
  <testcase classname="Test.MainPage_Test" name="Page_Test" time="0.001">
    <skipped/>
  </testcase>
  <testcase classname="Test.MainPage_Test" name="AfterMethod" time="0.004">
    <skipped/>
  </testcase>
</testsuite>