<?xml version="1.0" encoding="UTF-8"?>
<testng-results skipped="0" failed="0" ignored="0" total="1" passed="1">
  <reporter-output>
  </reporter-output>
  <suite name="Test.MainPage_Test" duration-ms="10868" started-at="2023-03-08T08:27:30 EET" finished-at="2023-03-08T08:27:40 EET">
    <groups>
    </groups>
    <test name="Command line test" duration-ms="10868" started-at="2023-03-08T08:27:30 EET" finished-at="2023-03-08T08:27:40 EET">
      <class name="Test.MainPage_Test">
        <test-method status="PASS" signature="BeforeMethod()[pri:0, instance:Test.MainPage_Test@711f39f9]" name="BeforeMethod" is-config="true" duration-ms="4087" started-at="2023-03-08T08:27:30 EET" finished-at="2023-03-08T08:27:34 EET">
          <reporter-output>
          </reporter-output>
        </test-method> <!-- BeforeMethod -->
        <test-method status="PASS" signature="Page_Test()[pri:0, instance:Test.MainPage_Test@711f39f9]" name="Page_Test" duration-ms="6509" started-at="2023-03-08T08:27:34 EET" finished-at="2023-03-08T08:27:40 EET">
          <reporter-output>
          </reporter-output>
        </test-method> <!-- Page_Test -->
        <test-method status="PASS" signature="AfterMethod()[pri:0, instance:Test.MainPage_Test@711f39f9]" name="AfterMethod" is-config="true" duration-ms="240" started-at="2023-03-08T08:27:40 EET" finished-at="2023-03-08T08:27:40 EET">
          <reporter-output>
          </reporter-output>
        </test-method> <!-- AfterMethod -->
      </class> <!-- Test.MainPage_Test -->
    </test> <!-- Command line test -->
  </suite> <!-- Test.MainPage_Test -->
</testng-results>
