<?xml version="1.0" encoding="UTF-8"?>
<testng-results skipped="0" failed="0" ignored="0" total="1" passed="1">
  <reporter-output>
  </reporter-output>
  <suite name="Test.MainPage_Test" duration-ms="7227" started-at="2023-02-16T16:15:20 EET" finished-at="2023-02-16T16:15:27 EET">
    <groups>
    </groups>
    <test name="Command line test" duration-ms="7227" started-at="2023-02-16T16:15:20 EET" finished-at="2023-02-16T16:15:27 EET">
      <class name="Test.MainPage_Test">
        <test-method status="PASS" signature="BeforeMethod()[pri:0, instance:Test.MainPage_Test@26aa12dd]" name="BeforeMethod" is-config="true" duration-ms="3156" started-at="2023-02-16T16:15:20 EET" finished-at="2023-02-16T16:15:23 EET">
          <reporter-output>
          </reporter-output>
        </test-method> <!-- BeforeMethod -->
        <test-method status="PASS" signature="Page_Test()[pri:0, instance:Test.MainPage_Test@26aa12dd]" name="Page_Test" duration-ms="3151" started-at="2023-02-16T16:15:23 EET" finished-at="2023-02-16T16:15:26 EET">
          <reporter-output>
          </reporter-output>
        </test-method> <!-- Page_Test -->
        <test-method status="PASS" signature="AfterMethod()[pri:0, instance:Test.MainPage_Test@26aa12dd]" name="AfterMethod" is-config="true" duration-ms="902" started-at="2023-02-16T16:15:26 EET" finished-at="2023-02-16T16:15:27 EET">
          <reporter-output>
          </reporter-output>
        </test-method> <!-- AfterMethod -->
      </class> <!-- Test.MainPage_Test -->
    </test> <!-- Command line test -->
  </suite> <!-- Test.MainPage_Test -->
</testng-results>
